# JRE version: Java(TM) SE Runtime Environment (8.0_161-b12) (build 1.8.0_161-b12)
# Java VM: Java HotSpot(TM) 64-Bit Server VM (25.161-b12 mixed mode windows-amd64 compressed oops)
Heap:
 garbage-first heap   total 262144K, used 156160K [0x00000000c0000000, 0x00000000c0100800, 0x0000000100000000)
  region size 1024K, 99 young (101376K), 20 survivors (20480K)
 Metaspace       used 86031K, capacity 94690K, committed 95032K, reserved 1132544K
  class space    used 10249K, capacity 12778K, committed 12880K, reserved 1048576K
GC Heap History (10 events):
Event: 5.874 GC heap before
{Heap before GC invocations=3 (full 0):
 garbage-first heap   total 262144K, used 52736K [0x00000000c0000000, 0x00000000c0100800, 0x0000000100000000)
  region size 1024K, 40 young (40960K), 2 survivors (2048K)
 Metaspace       used 19277K, capacity 21160K, committed 21296K, reserved 1069056K
  class space    used 2079K, capacity 2652K, committed 2688K, reserved 1048576K
Event: 5.889 GC heap after
Heap after GC invocations=4 (full 0):
 garbage-first heap   total 262144K, used 24064K [0x00000000c0000000, 0x00000000c0100800, 0x0000000100000000)
  region size 1024K, 7 young (7168K), 7 survivors (7168K)
 Metaspace       used 19277K, capacity 21160K, committed 21296K, reserved 1069056K
  class space    used 2079K, capacity 2652K, committed 2688K, reserved 1048576K
}
Event: 13.939 GC heap before
{Heap before GC invocations=5 (full 0):
 garbage-first heap   total 262144K, used 86528K [0x00000000c0000000, 0x00000000c0100800, 0x0000000100000000)
  region size 1024K, 69 young (70656K), 7 survivors (7168K)
 Metaspace       used 32170K, capacity 35862K, committed 35920K, reserved 1081344K
  class space    used 3842K, capacity 4910K, committed 4944K, reserved 1048576K
Event: 13.980 GC heap after
Heap after GC invocations=6 (full 0):
 garbage-first heap   total 262144K, used 41472K [0x00000000c0000000, 0x00000000c0100800, 0x0000000100000000)
  region size 1024K, 20 young (20480K), 20 survivors (20480K)
 Metaspace       used 32170K, capacity 35862K, committed 35920K, reserved 1081344K
  class space    used 3842K, capacity 4910K, committed 4944K, reserved 1048576K
}
Event: 24.838 GC heap before
{Heap before GC invocations=7 (full 0):
 garbage-first heap   total 262144K, used 137728K [0x00000000c0000000, 0x00000000c0100800, 0x0000000100000000)
  region size 1024K, 118 young (120832K), 20 survivors (20480K)
 Metaspace       used 48336K, capacity 54516K, committed 54864K, reserved 1095680K
  class space    used 5900K, capacity 7652K, committed 7760K, reserved 1048576K
Event: 24.923 GC heap after
Heap after GC invocations=8 (full 0):
 garbage-first heap   total 262144K, used 55808K [0x00000000c0000000, 0x00000000c0100800, 0x0000000100000000)
  region size 1024K, 15 young (15360K), 15 survivors (15360K)
 Metaspace       used 48336K, capacity 54516K, committed 54864K, reserved 1095680K
  class space    used 5900K, capacity 7652K, committed 7760K, reserved 1048576K
}
Event: 27.032 GC heap before
{Heap before GC invocations=8 (full 0):
 garbage-first heap   total 262144K, used 72192K [0x00000000c0000000, 0x00000000c0100800, 0x0000000100000000)
  region size 1024K, 32 young (32768K), 15 survivors (15360K)
 Metaspace       used 53489K, capacity 60202K, committed 60240K, reserved 1101824K
  class space    used 6418K, capacity 8267K, committed 8272K, reserved 1048576K
Event: 27.094 GC heap after
Heap after GC invocations=9 (full 0):
 garbage-first heap   total 262144K, used 60927K [0x00000000c0000000, 0x00000000c0100800, 0x0000000100000000)
  region size 1024K, 8 young (8192K), 8 survivors (8192K)
 Metaspace       used 53489K, capacity 60202K, committed 60240K, reserved 1101824K
  class space    used 6418K, capacity 8267K, committed 8272K, reserved 1048576K
}
Event: 35.139 GC heap before
{Heap before GC invocations=10 (full 0):
 garbage-first heap   total 262144K, used 200704K [0x00000000c0000000, 0x00000000c0100800, 0x0000000100000000)
  region size 1024K, 153 young (156672K), 8 survivors (8192K)
 Metaspace       used 75999K, capacity 83636K, committed 83896K, reserved 1122304K
  class space    used 9022K, capacity 11215K, committed 11216K, reserved 1048576K
Event: 35.180 GC heap after
Heap after GC invocations=11 (full 0):
 garbage-first heap   total 262144K, used 76288K [0x00000000c0000000, 0x00000000c0100800, 0x0000000100000000)
  region size 1024K, 20 young (20480K), 20 survivors (20480K)
 Metaspace       used 75999K, capacity 83636K, committed 83896K, reserved 1122304K
  class space    used 9022K, capacity 11215K, committed 11216K, reserved 1048576K
}

