# JRE version: Java(TM) SE Runtime Environment (8.0_161-b12) (build 1.8.0_161-b12)
# Java VM: Java HotSpot(TM) 64-Bit Server VM (25.161-b12 mixed mode windows-amd64 compressed oops)
Heap:
 garbage-first heap   total 262144K, used 163328K [0x00000000c0000000, 0x00000000c0100800, 0x0000000100000000)
  region size 1024K, 52 young (53248K), 11 survivors (11264K)
 Metaspace       used 97576K, capacity 107598K, committed 107976K, reserved 1142784K
  class space    used 11748K, capacity 14436K, committed 14564K, reserved 1048576K
GC Heap History (10 events):
Event: 27.319 GC heap before
{Heap before GC invocations=13 (full 0):
 garbage-first heap   total 262144K, used 220874K [0x00000000c0000000, 0x00000000c0100800, 0x0000000100000000)
  region size 1024K, 147 young (150528K), 19 survivors (19456K)
 Metaspace       used 91635K, capacity 101190K, committed 101320K, reserved 1136640K
  class space    used 11011K, capacity 13710K, committed 13796K, reserved 1048576K
Event: 27.381 GC heap after
Heap after GC invocations=14 (full 0):
 garbage-first heap   total 262144K, used 99863K [0x00000000c0000000, 0x00000000c0100800, 0x0000000100000000)
  region size 1024K, 16 young (16384K), 16 survivors (16384K)
 Metaspace       used 91635K, capacity 101190K, committed 101320K, reserved 1136640K
  class space    used 11011K, capacity 13710K, committed 13796K, reserved 1048576K
}
Event: 30.151 GC heap before
{Heap before GC invocations=14 (full 0):
 garbage-first heap   total 262144K, used 220738K [0x00000000c0000000, 0x00000000c0100800, 0x0000000100000000)
  region size 1024K, 131 young (134144K), 16 survivors (16384K)
 Metaspace       used 95626K, capacity 105460K, committed 105672K, reserved 1140736K
  class space    used 11564K, capacity 14272K, committed 14308K, reserved 1048576K
Event: 30.188 GC heap after
Heap after GC invocations=15 (full 0):
 garbage-first heap   total 262144K, used 102423K [0x00000000c0000000, 0x00000000c0100800, 0x0000000100000000)
  region size 1024K, 7 young (7168K), 7 survivors (7168K)
 Metaspace       used 95626K, capacity 105460K, committed 105672K, reserved 1140736K
  class space    used 11564K, capacity 14272K, committed 14308K, reserved 1048576K
}
Event: 257.920 GC heap before
{Heap before GC invocations=15 (full 0):
 garbage-first heap   total 262144K, used 229399K [0x00000000c0000000, 0x00000000c0100800, 0x0000000100000000)
  region size 1024K, 123 young (125952K), 7 survivors (7168K)
 Metaspace       used 97193K, capacity 107080K, committed 107336K, reserved 1142784K
  class space    used 11720K, capacity 14397K, committed 14436K, reserved 1048576K
Event: 257.952 GC heap after
Heap after GC invocations=16 (full 0):
 garbage-first heap   total 262144K, used 117271K [0x00000000c0000000, 0x00000000c0100800, 0x0000000100000000)
  region size 1024K, 14 young (14336K), 14 survivors (14336K)
 Metaspace       used 97193K, capacity 107080K, committed 107336K, reserved 1142784K
  class space    used 11720K, capacity 14397K, committed 14436K, reserved 1048576K
}
Event: 258.789 GC heap before
{Heap before GC invocations=16 (full 0):
 garbage-first heap   total 262144K, used 218647K [0x00000000c0000000, 0x00000000c0100800, 0x0000000100000000)
  region size 1024K, 113 young (115712K), 14 survivors (14336K)
 Metaspace       used 97249K, capacity 107240K, committed 107336K, reserved 1142784K
  class space    used 11728K, capacity 14429K, committed 14436K, reserved 1048576K
Event: 258.837 GC heap after
Heap after GC invocations=17 (full 0):
 garbage-first heap   total 262144K, used 128023K [0x00000000c0000000, 0x00000000c0100800, 0x0000000100000000)
  region size 1024K, 13 young (13312K), 13 survivors (13312K)
 Metaspace       used 97249K, capacity 107240K, committed 107336K, reserved 1142784K
  class space    used 11728K, capacity 14429K, committed 14436K, reserved 1048576K
}
Event: 259.788 GC heap before
{Heap before GC invocations=17 (full 0):
 garbage-first heap   total 262144K, used 209943K [0x00000000c0000000, 0x00000000c0100800, 0x0000000100000000)
  region size 1024K, 94 young (96256K), 13 survivors (13312K)
 Metaspace       used 97275K, capacity 107252K, committed 107336K, reserved 1142784K
  class space    used 11730K, capacity 14431K, committed 14436K, reserved 1048576K
Event: 259.835 GC heap after
Heap after GC invocations=18 (full 0):
 garbage-first heap   total 262144K, used 138263K [0x00000000c0000000, 0x00000000c0100800, 0x0000000100000000)
  region size 1024K, 11 young (11264K), 11 survivors (11264K)
 Metaspace       used 97275K, capacity 107252K, committed 107336K, reserved 1142784K
  class space    used 11730K, capacity 14431K, committed 14436K, reserved 1048576K
}

