# JRE version: Java(TM) SE Runtime Environment (8.0_161-b12) (build 1.8.0_161-b12)
# Java VM: Java HotSpot(TM) 64-Bit Server VM (25.161-b12 mixed mode windows-amd64 compressed oops)
Heap:
 garbage-first heap   total 262144K, used 93184K [0x00000000c0000000, 0x00000000c0100800, 0x0000000100000000)
  region size 1024K, 34 young (34816K), 18 survivors (18432K)
 Metaspace       used 90517K, capacity 99998K, committed 100196K, reserved 1136640K
  class space    used 10862K, capacity 13606K, committed 13668K, reserved 1048576K
GC Heap History (10 events):
Event: 5.288 GC heap before
{Heap before GC invocations=5 (full 0):
 garbage-first heap   total 262144K, used 83968K [0x00000000c0000000, 0x00000000c0100800, 0x0000000100000000)
  region size 1024K, 67 young (68608K), 7 survivors (7168K)
 Metaspace       used 32113K, capacity 35858K, committed 35920K, reserved 1081344K
  class space    used 3835K, capacity 4910K, committed 4944K, reserved 1048576K
Event: 5.330 GC heap after
Heap after GC invocations=6 (full 0):
 garbage-first heap   total 262144K, used 40960K [0x00000000c0000000, 0x00000000c0100800, 0x0000000100000000)
  region size 1024K, 20 young (20480K), 20 survivors (20480K)
 Metaspace       used 32113K, capacity 35858K, committed 35920K, reserved 1081344K
  class space    used 3835K, capacity 4910K, committed 4944K, reserved 1048576K
}
Event: 10.503 GC heap before
{Heap before GC invocations=7 (full 0):
 garbage-first heap   total 262144K, used 134144K [0x00000000c0000000, 0x00000000c0100800, 0x0000000100000000)
  region size 1024K, 115 young (117760K), 20 survivors (20480K)
 Metaspace       used 47191K, capacity 53330K, committed 53480K, reserved 1095680K
  class space    used 5735K, capacity 7537K, committed 7656K, reserved 1048576K
Event: 10.565 GC heap after
Heap after GC invocations=8 (full 0):
 garbage-first heap   total 262144K, used 54272K [0x00000000c0000000, 0x00000000c0100800, 0x0000000100000000)
  region size 1024K, 15 young (15360K), 15 survivors (15360K)
 Metaspace       used 47191K, capacity 53330K, committed 53480K, reserved 1095680K
  class space    used 5735K, capacity 7537K, committed 7656K, reserved 1048576K
}
Event: 13.014 GC heap before
{Heap before GC invocations=9 (full 0):
 garbage-first heap   total 262144K, used 136192K [0x00000000c0000000, 0x00000000c0100800, 0x0000000100000000)
  region size 1024K, 99 young (101376K), 15 survivors (15360K)
 Metaspace       used 62384K, capacity 69708K, committed 69864K, reserved 1110016K
  class space    used 7311K, capacity 9414K, committed 9448K, reserved 1048576K
Event: 13.059 GC heap after
Heap after GC invocations=10 (full 0):
 garbage-first heap   total 262144K, used 68608K [0x00000000c0000000, 0x00000000c0100800, 0x0000000100000000)
  region size 1024K, 13 young (13312K), 13 survivors (13312K)
 Metaspace       used 62384K, capacity 69708K, committed 69864K, reserved 1110016K
  class space    used 7311K, capacity 9414K, committed 9448K, reserved 1048576K
}
Event: 17.770 GC heap before
{Heap before GC invocations=10 (full 0):
 garbage-first heap   total 262144K, used 198144K [0x00000000c0000000, 0x00000000c0100800, 0x0000000100000000)
  region size 1024K, 140 young (143360K), 13 survivors (13312K)
 Metaspace       used 81995K, capacity 90290K, committed 90416K, reserved 1128448K
  class space    used 9733K, capacity 11919K, committed 12008K, reserved 1048576K
Event: 17.820 GC heap after
Heap after GC invocations=11 (full 0):
 garbage-first heap   total 262144K, used 89088K [0x00000000c0000000, 0x00000000c0100800, 0x0000000100000000)
  region size 1024K, 20 young (20480K), 20 survivors (20480K)
 Metaspace       used 81995K, capacity 90290K, committed 90416K, reserved 1128448K
  class space    used 9733K, capacity 11919K, committed 12008K, reserved 1048576K
}
Event: 21.810 GC heap before
{Heap before GC invocations=12 (full 0):
 garbage-first heap   total 262144K, used 200704K [0x00000000c0000000, 0x00000000c0100800, 0x0000000100000000)
  region size 1024K, 142 young (145408K), 20 survivors (20480K)
 Metaspace       used 89333K, capacity 98550K, committed 98660K, reserved 1134592K
  class space    used 10689K, capacity 13383K, committed 13412K, reserved 1048576K
Event: 21.866 GC heap after
Heap after GC invocations=13 (full 0):
 garbage-first heap   total 262144K, used 89088K [0x00000000c0000000, 0x00000000c0100800, 0x0000000100000000)
  region size 1024K, 18 young (18432K), 18 survivors (18432K)
 Metaspace       used 89333K, capacity 98550K, committed 98660K, reserved 1134592K
  class space    used 10689K, capacity 13383K, committed 13412K, reserved 1048576K
}

