# JRE version: Java(TM) SE Runtime Environment (8.0_161-b12) (build 1.8.0_161-b12)
# Java VM: Java HotSpot(TM) 64-Bit Server VM (25.161-b12 mixed mode windows-amd64 compressed oops)
Heap:
 garbage-first heap   total 267264K, used 214528K [0x00000000c0000000, 0x00000000c0100828, 0x0000000100000000)
  region size 1024K, 82 young (83968K), 4 survivors (4096K)
 Metaspace       used 119190K, capacity 129978K, committed 130316K, reserved 1163264K
  class space    used 13489K, capacity 16304K, committed 16432K, reserved 1048576K
GC Heap History (10 events):
Event: 3354.610 GC heap before
{Heap before GC invocations=64 (full 0):
 garbage-first heap   total 267264K, used 229376K [0x00000000c0000000, 0x00000000c0100828, 0x0000000100000000)
  region size 1024K, 108 young (110592K), 2 survivors (2048K)
 Metaspace       used 118881K, capacity 129670K, committed 130060K, reserved 1163264K
  class space    used 13465K, capacity 16292K, committed 16432K, reserved 1048576K
Event: 3354.709 GC heap after
Heap after GC invocations=65 (full 0):
 garbage-first heap   total 267264K, used 136704K [0x00000000c0000000, 0x00000000c0100828, 0x0000000100000000)
  region size 1024K, 14 young (14336K), 14 survivors (14336K)
 Metaspace       used 118881K, capacity 129670K, committed 130060K, reserved 1163264K
  class space    used 13465K, capacity 16292K, committed 16432K, reserved 1048576K
}
Event: 3355.802 GC heap before
{Heap before GC invocations=65 (full 0):
 garbage-first heap   total 267264K, used 187904K [0x00000000c0000000, 0x00000000c0100828, 0x0000000100000000)
  region size 1024K, 65 young (66560K), 14 survivors (14336K)
 Metaspace       used 118902K, capacity 129682K, committed 130060K, reserved 1163264K
  class space    used 13467K, capacity 16294K, committed 16432K, reserved 1048576K
Event: 3356.004 GC heap after
Heap after GC invocations=66 (full 0):
 garbage-first heap   total 267264K, used 141282K [0x00000000c0000000, 0x00000000c0100828, 0x0000000100000000)
  region size 1024K, 6 young (6144K), 6 survivors (6144K)
 Metaspace       used 118902K, capacity 129682K, committed 130060K, reserved 1163264K
  class space    used 13467K, capacity 16294K, committed 16432K, reserved 1048576K
}
Event: 3384.916 GC heap before
{Heap before GC invocations=67 (full 0):
 garbage-first heap   total 267264K, used 228322K [0x00000000c0000000, 0x00000000c0100828, 0x0000000100000000)
  region size 1024K, 91 young (93184K), 6 survivors (6144K)
 Metaspace       used 119141K, capacity 129978K, committed 130316K, reserved 1163264K
  class space    used 13488K, capacity 16304K, committed 16432K, reserved 1048576K
Event: 3384.987 GC heap after
Heap after GC invocations=68 (full 0):
 garbage-first heap   total 267264K, used 138722K [0x00000000c0000000, 0x00000000c0100828, 0x0000000100000000)
  region size 1024K, 12 young (12288K), 12 survivors (12288K)
 Metaspace       used 119141K, capacity 129978K, committed 130316K, reserved 1163264K
  class space    used 13488K, capacity 16304K, committed 16432K, reserved 1048576K
}
Event: 3385.172 GC heap before
{Heap before GC invocations=68 (full 0):
 garbage-first heap   total 267264K, used 139746K [0x00000000c0000000, 0x00000000c0100828, 0x0000000100000000)
  region size 1024K, 13 young (13312K), 12 survivors (12288K)
 Metaspace       used 119141K, capacity 129978K, committed 130316K, reserved 1163264K
  class space    used 13488K, capacity 16304K, committed 16432K, reserved 1048576K
Event: 3385.288 GC heap after
Heap after GC invocations=69 (full 0):
 garbage-first heap   total 267264K, used 133120K [0x00000000c0000000, 0x00000000c0100828, 0x0000000100000000)
  region size 1024K, 2 young (2048K), 2 survivors (2048K)
 Metaspace       used 119141K, capacity 129978K, committed 130316K, reserved 1163264K
  class space    used 13488K, capacity 16304K, committed 16432K, reserved 1048576K
}
Event: 3453.989 GC heap before
{Heap before GC invocations=69 (full 0):
 garbage-first heap   total 267264K, used 228352K [0x00000000c0000000, 0x00000000c0100828, 0x0000000100000000)
  region size 1024K, 95 young (97280K), 2 survivors (2048K)
 Metaspace       used 119179K, capacity 129978K, committed 130316K, reserved 1163264K
  class space    used 13488K, capacity 16304K, committed 16432K, reserved 1048576K
Event: 3454.314 GC heap after
Heap after GC invocations=70 (full 0):
 garbage-first heap   total 267264K, used 135680K [0x00000000c0000000, 0x00000000c0100828, 0x0000000100000000)
  region size 1024K, 4 young (4096K), 4 survivors (4096K)
 Metaspace       used 119179K, capacity 129978K, committed 130316K, reserved 1163264K
  class space    used 13488K, capacity 16304K, committed 16432K, reserved 1048576K
}

