# JRE version: Java(TM) SE Runtime Environment (8.0_161-b12) (build 1.8.0_161-b12)
# Java VM: Java HotSpot(TM) 64-Bit Server VM (25.161-b12 mixed mode windows-amd64 compressed oops)
Heap:
 garbage-first heap   total 262144K, used 111639K [0x00000000c0000000, 0x00000000c0100800, 0x0000000100000000)
  region size 1024K, 32 young (32768K), 2 survivors (2048K)
 Metaspace       used 97068K, capacity 106878K, committed 107132K, reserved 1142784K
  class space    used 11693K, capacity 14418K, committed 14488K, reserved 1048576K
GC Heap History (10 events):
Event: 13.103 GC heap before
{Heap before GC invocations=9 (full 0):
 garbage-first heap   total 262144K, used 138752K [0x00000000c0000000, 0x00000000c0100800, 0x0000000100000000)
  region size 1024K, 101 young (103424K), 15 survivors (15360K)
 Metaspace       used 63166K, capacity 70498K, committed 70632K, reserved 1110016K
  class space    used 7438K, capacity 9611K, committed 9704K, reserved 1048576K
Event: 13.147 GC heap after
Heap after GC invocations=10 (full 0):
 garbage-first heap   total 262144K, used 68096K [0x00000000c0000000, 0x00000000c0100800, 0x0000000100000000)
  region size 1024K, 13 young (13312K), 13 survivors (13312K)
 Metaspace       used 63166K, capacity 70498K, committed 70632K, reserved 1110016K
  class space    used 7438K, capacity 9611K, committed 9704K, reserved 1048576K
}
Event: 18.022 GC heap before
{Heap before GC invocations=10 (full 0):
 garbage-first heap   total 262144K, used 201728K [0x00000000c0000000, 0x00000000c0100800, 0x0000000100000000)
  region size 1024K, 144 young (147456K), 13 survivors (13312K)
 Metaspace       used 83397K, capacity 91808K, committed 91880K, reserved 1128448K
  class space    used 9911K, capacity 12237K, committed 12264K, reserved 1048576K
Event: 18.077 GC heap after
Heap after GC invocations=11 (full 0):
 garbage-first heap   total 262144K, used 89088K [0x00000000c0000000, 0x00000000c0100800, 0x0000000100000000)
  region size 1024K, 20 young (20480K), 20 survivors (20480K)
 Metaspace       used 83397K, capacity 91808K, committed 91880K, reserved 1128448K
  class space    used 9911K, capacity 12237K, committed 12264K, reserved 1048576K
}
Event: 25.475 GC heap before
{Heap before GC invocations=12 (full 0):
 garbage-first heap   total 262144K, used 201728K [0x00000000c0000000, 0x00000000c0100800, 0x0000000100000000)
  region size 1024K, 142 young (145408K), 20 survivors (20480K)
 Metaspace       used 90433K, capacity 99746K, committed 99836K, reserved 1136640K
  class space    used 10820K, capacity 13554K, committed 13592K, reserved 1048576K
Event: 25.532 GC heap after
Heap after GC invocations=13 (full 0):
 garbage-first heap   total 262144K, used 92672K [0x00000000c0000000, 0x00000000c0100800, 0x0000000100000000)
  region size 1024K, 18 young (18432K), 18 survivors (18432K)
 Metaspace       used 90433K, capacity 99746K, committed 99836K, reserved 1136640K
  class space    used 10820K, capacity 13554K, committed 13592K, reserved 1048576K
}
Event: 73.803 GC heap before
{Heap before GC invocations=14 (full 0):
 garbage-first heap   total 262144K, used 211658K [0x00000000c0000000, 0x00000000c0100800, 0x0000000100000000)
  region size 1024K, 139 young (142336K), 18 survivors (18432K)
 Metaspace       used 96025K, capacity 105860K, committed 105980K, reserved 1140736K
  class space    used 11582K, capacity 14284K, committed 14360K, reserved 1048576K
Event: 73.849 GC heap after
Heap after GC invocations=15 (full 0):
 garbage-first heap   total 262144K, used 89623K [0x00000000c0000000, 0x00000000c0100800, 0x0000000100000000)
  region size 1024K, 11 young (11264K), 11 survivors (11264K)
 Metaspace       used 96025K, capacity 105860K, committed 105980K, reserved 1140736K
  class space    used 11582K, capacity 14284K, committed 14360K, reserved 1048576K
}
Event: 73.992 GC heap before
{Heap before GC invocations=15 (full 0):
 garbage-first heap   total 262144K, used 90647K [0x00000000c0000000, 0x00000000c0100800, 0x0000000100000000)
  region size 1024K, 12 young (12288K), 11 survivors (11264K)
 Metaspace       used 96184K, capacity 105954K, committed 106236K, reserved 1140736K
  class space    used 11613K, capacity 14289K, committed 14360K, reserved 1048576K
Event: 74.005 GC heap after
Heap after GC invocations=16 (full 0):
 garbage-first heap   total 262144K, used 81943K [0x00000000c0000000, 0x00000000c0100800, 0x0000000100000000)
  region size 1024K, 2 young (2048K), 2 survivors (2048K)
 Metaspace       used 96184K, capacity 105954K, committed 106236K, reserved 1140736K
  class space    used 11613K, capacity 14289K, committed 14360K, reserved 1048576K
}

