# JRE version: Java(TM) SE Runtime Environment (8.0_161-b12) (build 1.8.0_161-b12)
# Java VM: Java HotSpot(TM) 64-Bit Server VM (25.161-b12 mixed mode windows-amd64 compressed oops)
Heap:
 garbage-first heap   total 262144K, used 91159K [0x00000000c0000000, 0x00000000c0100800, 0x0000000100000000)
  region size 1024K, 5 young (5120K), 2 survivors (2048K)
 Metaspace       used 96283K, capacity 106174K, committed 106288K, reserved 1140736K
  class space    used 11628K, capacity 14359K, committed 14384K, reserved 1048576K
GC Heap History (10 events):
Event: 15.763 GC heap before
{Heap before GC invocations=10 (full 0):
 garbage-first heap   total 262144K, used 198144K [0x00000000c0000000, 0x00000000c0100800, 0x0000000100000000)
  region size 1024K, 153 young (156672K), 12 survivors (12288K)
 Metaspace       used 75000K, capacity 82554K, committed 82868K, reserved 1120256K
  class space    used 8943K, capacity 11086K, committed 11188K, reserved 1048576K
Event: 15.831 GC heap after
Heap after GC invocations=11 (full 0):
 garbage-first heap   total 262144K, used 89088K [0x00000000c0000000, 0x00000000c0100800, 0x0000000100000000)
  region size 1024K, 20 young (20480K), 20 survivors (20480K)
 Metaspace       used 75000K, capacity 82554K, committed 82868K, reserved 1120256K
  class space    used 8943K, capacity 11086K, committed 11188K, reserved 1048576K
}
Event: 17.967 GC heap before
{Heap before GC invocations=11 (full 0):
 garbage-first heap   total 262144K, used 151552K [0x00000000c0000000, 0x00000000c0100800, 0x0000000100000000)
  region size 1024K, 82 young (83968K), 20 survivors (20480K)
 Metaspace       used 80557K, capacity 88384K, committed 88408K, reserved 1126400K
  class space    used 9527K, capacity 11688K, committed 11700K, reserved 1048576K
Event: 18.003 GC heap after
Heap after GC invocations=12 (full 0):
 garbage-first heap   total 262144K, used 89658K [0x00000000c0000000, 0x00000000c0100800, 0x0000000100000000)
  region size 1024K, 9 young (9216K), 9 survivors (9216K)
 Metaspace       used 80557K, capacity 88384K, committed 88408K, reserved 1126400K
  class space    used 9527K, capacity 11688K, committed 11700K, reserved 1048576K
}
Event: 21.505 GC heap before
{Heap before GC invocations=13 (full 0):
 garbage-first heap   total 262144K, used 197178K [0x00000000c0000000, 0x00000000c0100800, 0x0000000100000000)
  region size 1024K, 135 young (138240K), 9 survivors (9216K)
 Metaspace       used 89133K, capacity 98274K, committed 98352K, reserved 1134592K
  class space    used 10654K, capacity 13324K, committed 13360K, reserved 1048576K
Event: 21.548 GC heap after
Heap after GC invocations=14 (full 0):
 garbage-first heap   total 262144K, used 85504K [0x00000000c0000000, 0x00000000c0100800, 0x0000000100000000)
  region size 1024K, 17 young (17408K), 17 survivors (17408K)
 Metaspace       used 89133K, capacity 98274K, committed 98352K, reserved 1134592K
  class space    used 10654K, capacity 13324K, committed 13360K, reserved 1048576K
}
Event: 40.213 GC heap before
{Heap before GC invocations=15 (full 0):
 garbage-first heap   total 262144K, used 222922K [0x00000000c0000000, 0x00000000c0100800, 0x0000000100000000)
  region size 1024K, 146 young (149504K), 17 survivors (17408K)
 Metaspace       used 95509K, capacity 105266K, committed 105392K, reserved 1140736K
  class space    used 11508K, capacity 14211K, committed 14256K, reserved 1048576K
Event: 40.262 GC heap after
Heap after GC invocations=16 (full 0):
 garbage-first heap   total 262144K, used 97815K [0x00000000c0000000, 0x00000000c0100800, 0x0000000100000000)
  region size 1024K, 10 young (10240K), 10 survivors (10240K)
 Metaspace       used 95509K, capacity 105266K, committed 105392K, reserved 1140736K
  class space    used 11508K, capacity 14211K, committed 14256K, reserved 1048576K
}
Event: 40.350 GC heap before
{Heap before GC invocations=16 (full 0):
 garbage-first heap   total 262144K, used 99863K [0x00000000c0000000, 0x00000000c0100800, 0x0000000100000000)
  region size 1024K, 12 young (12288K), 10 survivors (10240K)
 Metaspace       used 96000K, capacity 105794K, committed 106032K, reserved 1140736K
  class space    used 11578K, capacity 14281K, committed 14384K, reserved 1048576K
Event: 40.365 GC heap after
Heap after GC invocations=17 (full 0):
 garbage-first heap   total 262144K, used 89111K [0x00000000c0000000, 0x00000000c0100800, 0x0000000100000000)
  region size 1024K, 2 young (2048K), 2 survivors (2048K)
 Metaspace       used 96000K, capacity 105794K, committed 106032K, reserved 1140736K
  class space    used 11578K, capacity 14281K, committed 14384K, reserved 1048576K
}

